{
  "RSpec": {
    "coverage": {
      "/Users/brueck/turing/3module/projects/consultancy/consultancy-backend/app/controllers/api/v1/news_controller.rb": {
        "lines": [
          1,
          1,
          1,
          1,
          null,
          2,
          0,
          null,
          null,
          null
        ]
      },
      "/Users/brueck/turing/3module/projects/consultancy/consultancy-backend/app/controllers/application_controller.rb": {
        "lines": [
          1,
          null
        ]
      },
      "/Users/brueck/turing/3module/projects/consultancy/consultancy-backend/app/mailers/application_mailer.rb": {
        "lines": [
          0,
          0,
          0,
          0
        ],
        "branches": {
        }
      },
      "/Users/brueck/turing/3module/projects/consultancy/consultancy-backend/app/models/application_record.rb": {
        "lines": [
          0,
          0,
          0
        ],
        "branches": {
        }
      },
      "/Users/brueck/turing/3module/projects/consultancy/consultancy-backend/app/serializers/article_serializer.rb": {
        "lines": [
          0,
          0,
          0,
          0
        ],
        "branches": {
        }
      },
      "/Users/brueck/turing/3module/projects/consultancy/consultancy-backend/app/poros/article.rb": {
        "lines": [
          0,
          0,
          0,
          0,
          null,
          0,
          0,
          0,
          0,
          0,
          0
        ],
        "branches": {
        }
      },
      "/Users/brueck/turing/3module/projects/consultancy/consultancy-backend/app/jobs/application_job.rb": {
        "lines": [
          0,
          0
        ],
        "branches": {
        }
      },
      "/Users/brueck/turing/3module/projects/consultancy/consultancy-backend/app/channels/application_cable/connection.rb": {
        "lines": [
          0,
          0,
          0,
          0
        ],
        "branches": {
        }
      },
      "/Users/brueck/turing/3module/projects/consultancy/consultancy-backend/app/channels/application_cable/channel.rb": {
        "lines": [
          0,
          0,
          0,
          0
        ],
        "branches": {
        }
      }
    },
    "timestamp": 1622855326
  }
}
